  final.cpp
c:\users\seo\desktop\과제\소설기\survival_of_an_intern\survival_of_an_intern\final.cpp(349): warning C4244: '=': 'float'에서 'int'(으)로 변환하면서 데이터가 손실될 수 있습니다.
c:\users\seo\desktop\과제\소설기\survival_of_an_intern\survival_of_an_intern\final.cpp(378): warning C4244: '=': 'float'에서 'int'(으)로 변환하면서 데이터가 손실될 수 있습니다.
c:\users\seo\desktop\과제\소설기\survival_of_an_intern\survival_of_an_intern\final.cpp(405): warning C4244: '=': 'float'에서 'int'(으)로 변환하면서 데이터가 손실될 수 있습니다.
c:\users\seo\desktop\과제\소설기\survival_of_an_intern\survival_of_an_intern\final.cpp(269): warning C4474: 'printf' : 서식 문자열에 전달된 인수가 너무 많습니다.
  c:\users\seo\desktop\과제\소설기\survival_of_an_intern\survival_of_an_intern\final.cpp(269): note: 자리 표시자 및 해당 매개 변수에는 variadic 인수가 3개 필요하지만 7개가 제공되었습니다.
c:\users\seo\desktop\과제\소설기\survival_of_an_intern\survival_of_an_intern\final.cpp(614): warning C4838: 'int'에서 'SHORT'(으)로의 변환에는 축소 변환이 필요합니다.
c:\users\seo\desktop\과제\소설기\survival_of_an_intern\survival_of_an_intern\final.cpp(1919): warning C4101: 'cursY' :참조되지 않은 지역 변수입니다.
c:\users\seo\desktop\과제\소설기\survival_of_an_intern\survival_of_an_intern\final.cpp(1919): warning C4101: 'cursX' :참조되지 않은 지역 변수입니다.
c:\users\seo\desktop\과제\소설기\survival_of_an_intern\survival_of_an_intern\final.cpp(1940): warning C4101: 'cursY' :참조되지 않은 지역 변수입니다.
c:\users\seo\desktop\과제\소설기\survival_of_an_intern\survival_of_an_intern\final.cpp(1940): warning C4101: 'cursX' :참조되지 않은 지역 변수입니다.
c:\users\seo\desktop\과제\소설기\survival_of_an_intern\survival_of_an_intern\final.cpp(1958): warning C4101: 'cursY' :참조되지 않은 지역 변수입니다.
c:\users\seo\desktop\과제\소설기\survival_of_an_intern\survival_of_an_intern\final.cpp(1958): warning C4101: 'cursX' :참조되지 않은 지역 변수입니다.
c:\users\seo\desktop\과제\소설기\survival_of_an_intern\survival_of_an_intern\final.cpp(1977): warning C4101: 'cursY' :참조되지 않은 지역 변수입니다.
c:\users\seo\desktop\과제\소설기\survival_of_an_intern\survival_of_an_intern\final.cpp(1977): warning C4101: 'cursX' :참조되지 않은 지역 변수입니다.
c:\users\seo\desktop\과제\소설기\survival_of_an_intern\survival_of_an_intern\final.cpp(1995): warning C4101: 'cursY' :참조되지 않은 지역 변수입니다.
c:\users\seo\desktop\과제\소설기\survival_of_an_intern\survival_of_an_intern\final.cpp(1995): warning C4101: 'cursX' :참조되지 않은 지역 변수입니다.
c:\users\seo\desktop\과제\소설기\survival_of_an_intern\survival_of_an_intern\final.cpp(2016): warning C4101: 'cursY' :참조되지 않은 지역 변수입니다.
c:\users\seo\desktop\과제\소설기\survival_of_an_intern\survival_of_an_intern\final.cpp(2016): warning C4101: 'cursX' :참조되지 않은 지역 변수입니다.
c:\users\seo\desktop\과제\소설기\survival_of_an_intern\survival_of_an_intern\final.cpp(2034): warning C4101: 'cursY' :참조되지 않은 지역 변수입니다.
c:\users\seo\desktop\과제\소설기\survival_of_an_intern\survival_of_an_intern\final.cpp(2034): warning C4101: 'cursX' :참조되지 않은 지역 변수입니다.
c:\users\seo\desktop\과제\소설기\survival_of_an_intern\survival_of_an_intern\final.cpp(2052): warning C4101: 'cursY' :참조되지 않은 지역 변수입니다.
c:\users\seo\desktop\과제\소설기\survival_of_an_intern\survival_of_an_intern\final.cpp(2052): warning C4101: 'cursX' :참조되지 않은 지역 변수입니다.
c:\users\seo\desktop\과제\소설기\survival_of_an_intern\survival_of_an_intern\final.cpp(2071): warning C4101: 'cursY' :참조되지 않은 지역 변수입니다.
c:\users\seo\desktop\과제\소설기\survival_of_an_intern\survival_of_an_intern\final.cpp(2071): warning C4101: 'cursX' :참조되지 않은 지역 변수입니다.
c:\users\seo\desktop\과제\소설기\survival_of_an_intern\survival_of_an_intern\final.cpp(2171): warning C4101: 'ind' :참조되지 않은 지역 변수입니다.
c:\users\seo\desktop\과제\소설기\survival_of_an_intern\survival_of_an_intern\final.cpp(2420): warning C4101: 'key' :참조되지 않은 지역 변수입니다.
c:\users\seo\desktop\과제\소설기\survival_of_an_intern\survival_of_an_intern\final.cpp(2463): warning C4101: 'key' :참조되지 않은 지역 변수입니다.
c:\users\seo\desktop\과제\소설기\survival_of_an_intern\survival_of_an_intern\final.cpp(1122): warning C4715: 'NPC_TimeLimit': 모든 제어 경로에서 값을 반환하지는 않습니다.
c:\users\seo\desktop\과제\소설기\survival_of_an_intern\survival_of_an_intern\final.cpp(2620): warning C4715: 'doMyWork': 모든 제어 경로에서 값을 반환하지는 않습니다.
c:\users\seo\desktop\과제\소설기\survival_of_an_intern\survival_of_an_intern\final.cpp(2776): warning C4715: 'makeCoffee': 모든 제어 경로에서 값을 반환하지는 않습니다.
c:\users\seo\desktop\과제\소설기\survival_of_an_intern\survival_of_an_intern\final.cpp(3369): warning C4715: 'printing': 모든 제어 경로에서 값을 반환하지는 않습니다.
c:\users\seo\desktop\과제\소설기\survival_of_an_intern\survival_of_an_intern\final.cpp(3511): warning C4715: 'kooWorking': 모든 제어 경로에서 값을 반환하지는 않습니다.
c:\users\seo\desktop\과제\소설기\survival_of_an_intern\survival_of_an_intern\final.cpp(3669): warning C4715: 'chaeWorking': 모든 제어 경로에서 값을 반환하지는 않습니다.
c:\users\seo\desktop\과제\소설기\survival_of_an_intern\survival_of_an_intern\final.cpp(3185): warning C4715: 'phoneCall': 모든 제어 경로에서 값을 반환하지는 않습니다.
  Survival_of_an_Intern.vcxproj -> C:\Users\Seo\Desktop\과제\소설기\Survival_of_an_Intern\Debug\Survival_of_an_Intern.exe
  Survival_of_an_Intern.vcxproj -> C:\Users\Seo\Desktop\과제\소설기\Survival_of_an_Intern\Debug\Survival_of_an_Intern.pdb (Full PDB)
